2020-09-18 : 14:36:29.719[main]DEBUGcom.liminghua.api.ApiApplication-Running with Spring Boot v2.2.6.RELEASE, Spring v5.2.5.RELEASE
2020-09-18 : 14:39:24.242[main]DEBUGcom.liminghua.api.ApiApplication-Running with Spring Boot v2.2.6.RELEASE, Spring v5.2.5.RELEASE
2020-09-18 : 14:39:31.407[http-nio-8666-exec-1]DEBUGcom.liminghua.api.sysa.mapper.CarMapper.getAllCar-==>  Preparing: select * from car 
2020-09-18 : 14:39:31.429[http-nio-8666-exec-1]DEBUGcom.liminghua.api.sysa.mapper.CarMapper.getAllCar-==> Parameters: 
2020-09-18 : 14:39:31.520[http-nio-8666-exec-1]DEBUGcom.liminghua.api.sysa.mapper.CarMapper.getAllCar-<==      Total: 1
2020-09-18 : 14:49:21.298[main]DEBUGcom.liminghua.api.ApiApplication-Running with Spring Boot v2.2.6.RELEASE, Spring v5.2.5.RELEASE
2020-09-18 : 14:49:23.856[http-nio-8666-exec-1]DEBUGcom.liminghua.api.sysa.mapper.CarMapper.getAllCar-==>  Preparing: select * from car 
2020-09-18 : 14:49:23.872[http-nio-8666-exec-1]DEBUGcom.liminghua.api.sysa.mapper.CarMapper.getAllCar-==> Parameters: 
2020-09-18 : 14:49:23.890[http-nio-8666-exec-1]DEBUGcom.liminghua.api.sysa.mapper.CarMapper.getAllCar-<==      Total: 1
2020-09-18 : 15:00:00.865[http-nio-8666-exec-8]DEBUGcom.liminghua.api.sysa.mapper.CarMapper.getAllCar-==>  Preparing: select * from car 
2020-09-18 : 15:00:00.865[http-nio-8666-exec-8]DEBUGcom.liminghua.api.sysa.mapper.CarMapper.getAllCar-==> Parameters: 
2020-09-18 : 15:00:00.867[http-nio-8666-exec-8]DEBUGcom.liminghua.api.sysa.mapper.CarMapper.getAllCar-<==      Total: 1
2020-09-18 : 15:02:31.769[main]DEBUGcom.liminghua.api.ApiApplication-Running with Spring Boot v2.2.6.RELEASE, Spring v5.2.5.RELEASE
2020-09-18 : 15:02:34.948[http-nio-8666-exec-1]DEBUGcom.liminghua.api.sysa.mapper.CarMapper.getAllCar-==>  Preparing: select * from car 
2020-09-18 : 15:02:34.964[http-nio-8666-exec-1]DEBUGcom.liminghua.api.sysa.mapper.CarMapper.getAllCar-==> Parameters: 
2020-09-18 : 15:02:34.981[http-nio-8666-exec-1]DEBUGcom.liminghua.api.sysa.mapper.CarMapper.getAllCar-<==      Total: 1
2020-09-18 : 15:07:44.513[main]DEBUGcom.liminghua.api.ApiApplication-Running with Spring Boot v2.2.6.RELEASE, Spring v5.2.5.RELEASE
2020-09-18 : 15:07:51.311[http-nio-8666-exec-1]DEBUGcom.liminghua.api.sysa.mapper.CarMapper.getAllCar-==>  Preparing: select * from car 
2020-09-18 : 15:07:51.326[http-nio-8666-exec-1]DEBUGcom.liminghua.api.sysa.mapper.CarMapper.getAllCar-==> Parameters: 
2020-09-18 : 15:07:51.340[http-nio-8666-exec-1]DEBUGcom.liminghua.api.sysa.mapper.CarMapper.getAllCar-<==      Total: 1
2020-09-18 : 15:08:18.690[main]DEBUGcom.liminghua.api.ApiApplication-Running with Spring Boot v2.2.6.RELEASE, Spring v5.2.5.RELEASE
2020-09-18 : 15:08:25.183[http-nio-8666-exec-1]DEBUGcom.liminghua.api.sysa.mapper.CarMapper.getAllCar-==>  Preparing: select * from car 
2020-09-18 : 15:08:25.199[http-nio-8666-exec-1]DEBUGcom.liminghua.api.sysa.mapper.CarMapper.getAllCar-==> Parameters: 
2020-09-18 : 15:08:25.213[http-nio-8666-exec-1]DEBUGcom.liminghua.api.sysa.mapper.CarMapper.getAllCar-<==      Total: 1
2020-09-18 : 15:08:35.641[http-nio-8666-exec-3]DEBUGcom.liminghua.api.sysa.mapper.CarMapper.getAllCar-==>  Preparing: select * from car 
2020-09-18 : 15:08:35.642[http-nio-8666-exec-3]DEBUGcom.liminghua.api.sysa.mapper.CarMapper.getAllCar-==> Parameters: 
2020-09-18 : 15:08:35.642[http-nio-8666-exec-3]DEBUGcom.liminghua.api.sysa.mapper.CarMapper.getAllCar-<==      Total: 1
2020-09-18 : 15:22:00.941[main]DEBUGcom.liminghua.api.ApiApplication-Running with Spring Boot v2.2.6.RELEASE, Spring v5.2.5.RELEASE
2020-09-18 : 15:22:09.167[http-nio-8666-exec-1]DEBUGc.l.api.system.mapper.ApiMapper.getInterfaceByUrl-==>  Preparing: select * from api where api_url = ? 
2020-09-18 : 15:22:09.182[http-nio-8666-exec-1]DEBUGc.l.api.system.mapper.ApiMapper.getInterfaceByUrl-==> Parameters: /sysa/car/query/all(String)
2020-09-18 : 15:22:09.196[http-nio-8666-exec-1]DEBUGc.l.api.system.mapper.ApiMapper.getInterfaceByUrl-<==      Total: 1
2020-09-18 : 15:22:41.771[http-nio-8666-exec-3]DEBUGc.l.api.system.mapper.ApiMapper.getInterfaceByUrl-==>  Preparing: select * from api where api_url = ? 
2020-09-18 : 15:22:41.771[http-nio-8666-exec-3]DEBUGc.l.api.system.mapper.ApiMapper.getInterfaceByUrl-==> Parameters: /sysa/car/query/all(String)
2020-09-18 : 15:22:41.772[http-nio-8666-exec-3]DEBUGc.l.api.system.mapper.ApiMapper.getInterfaceByUrl-<==      Total: 1
2020-09-18 : 15:22:41.780[http-nio-8666-exec-3]DEBUGcom.liminghua.api.sysa.mapper.CarMapper.getAllCar-==>  Preparing: select * from car 
2020-09-18 : 15:22:41.780[http-nio-8666-exec-3]DEBUGcom.liminghua.api.sysa.mapper.CarMapper.getAllCar-==> Parameters: 
2020-09-18 : 15:22:41.780[http-nio-8666-exec-3]DEBUGcom.liminghua.api.sysa.mapper.CarMapper.getAllCar-<==      Total: 1
2020-09-18 : 15:31:47.580[http-nio-8666-exec-7]DEBUGc.liminghua.api.sysb.mapper.UserMapper.getAllUser-==>  Preparing: select * from user 
2020-09-18 : 15:31:47.581[http-nio-8666-exec-7]DEBUGc.liminghua.api.sysb.mapper.UserMapper.getAllUser-==> Parameters: 
2020-09-18 : 15:31:47.586[http-nio-8666-exec-7]DEBUGc.liminghua.api.sysb.mapper.UserMapper.getAllUser-<==      Total: 2
2020-09-18 : 15:32:14.316[main]DEBUGcom.liminghua.api.ApiApplication-Running with Spring Boot v2.2.6.RELEASE, Spring v5.2.5.RELEASE
2020-09-18 : 15:32:35.996[http-nio-8666-exec-1]DEBUGc.l.api.system.mapper.ApiMapper.getInterfaceByUrl-==>  Preparing: select * from api where api_url = ? 
2020-09-18 : 15:32:36.014[http-nio-8666-exec-1]DEBUGc.l.api.system.mapper.ApiMapper.getInterfaceByUrl-==> Parameters: /sysb/user/query/all(String)
2020-09-18 : 15:32:36.031[http-nio-8666-exec-1]DEBUGc.l.api.system.mapper.ApiMapper.getInterfaceByUrl-<==      Total: 1
2020-09-18 : 15:32:36.044[http-nio-8666-exec-1]DEBUGc.liminghua.api.sysb.mapper.UserMapper.getAllUser-==>  Preparing: select * from user 
2020-09-18 : 15:32:36.044[http-nio-8666-exec-1]DEBUGc.liminghua.api.sysb.mapper.UserMapper.getAllUser-==> Parameters: 
2020-09-18 : 15:32:36.046[http-nio-8666-exec-1]DEBUGc.liminghua.api.sysb.mapper.UserMapper.getAllUser-<==      Total: 2
2020-09-18 : 15:33:14.909[http-nio-8666-exec-5]DEBUGc.l.api.system.mapper.ApiMapper.getInterfaceByUrl-==>  Preparing: select * from api where api_url = ? 
2020-09-18 : 15:33:14.910[http-nio-8666-exec-5]DEBUGc.l.api.system.mapper.ApiMapper.getInterfaceByUrl-==> Parameters: /sysb/user/query/all(String)
2020-09-18 : 15:33:14.911[http-nio-8666-exec-5]DEBUGc.l.api.system.mapper.ApiMapper.getInterfaceByUrl-<==      Total: 1
2020-09-18 : 15:37:36.961[http-nio-8666-exec-7]DEBUGc.l.api.system.mapper.ApiMapper.getInterfaceByUrl-==>  Preparing: select * from api where api_url = ? 
2020-09-18 : 15:37:36.961[http-nio-8666-exec-7]DEBUGc.l.api.system.mapper.ApiMapper.getInterfaceByUrl-==> Parameters: /sysb/user/query/all(String)
2020-09-18 : 15:37:36.962[http-nio-8666-exec-7]DEBUGc.l.api.system.mapper.ApiMapper.getInterfaceByUrl-<==      Total: 1
2020-09-18 : 15:37:36.964[http-nio-8666-exec-7]DEBUGc.liminghua.api.sysb.mapper.UserMapper.getAllUser-==>  Preparing: select * from user 
2020-09-18 : 15:37:36.965[http-nio-8666-exec-7]DEBUGc.liminghua.api.sysb.mapper.UserMapper.getAllUser-==> Parameters: 
2020-09-18 : 15:37:36.965[http-nio-8666-exec-7]DEBUGc.liminghua.api.sysb.mapper.UserMapper.getAllUser-<==      Total: 2
2020-09-18 : 15:37:50.025[http-nio-8666-exec-2]DEBUGc.l.api.system.mapper.ApiMapper.getInterfaceByUrl-==>  Preparing: select * from api where api_url = ? 
2020-09-18 : 15:37:50.026[http-nio-8666-exec-2]DEBUGc.l.api.system.mapper.ApiMapper.getInterfaceByUrl-==> Parameters: /sysb/user/query/all(String)
2020-09-18 : 15:37:50.027[http-nio-8666-exec-2]DEBUGc.l.api.system.mapper.ApiMapper.getInterfaceByUrl-<==      Total: 1
2020-09-18 : 16:02:00.207[http-nio-8666-exec-4]DEBUGc.l.api.system.mapper.ApiMapper.getInterfaceByUrl-==>  Preparing: select * from api where api_url = ? 
2020-09-18 : 16:02:00.211[http-nio-8666-exec-4]DEBUGc.l.api.system.mapper.ApiMapper.getInterfaceByUrl-==> Parameters: /sysb/user/query/all(String)
2020-09-18 : 16:02:00.220[http-nio-8666-exec-4]DEBUGc.l.api.system.mapper.ApiMapper.getInterfaceByUrl-<==      Total: 1
2020-09-18 : 16:02:00.223[http-nio-8666-exec-4]DEBUGc.liminghua.api.sysb.mapper.UserMapper.getAllUser-==>  Preparing: select * from user 
2020-09-18 : 16:02:00.224[http-nio-8666-exec-4]DEBUGc.liminghua.api.sysb.mapper.UserMapper.getAllUser-==> Parameters: 
2020-09-18 : 16:02:00.225[http-nio-8666-exec-4]DEBUGc.liminghua.api.sysb.mapper.UserMapper.getAllUser-<==      Total: 2
2020-09-18 : 16:02:05.482[http-nio-8666-exec-5]DEBUGc.l.api.system.mapper.ApiMapper.getInterfaceByUrl-==>  Preparing: select * from api where api_url = ? 
2020-09-18 : 16:02:05.482[http-nio-8666-exec-5]DEBUGc.l.api.system.mapper.ApiMapper.getInterfaceByUrl-==> Parameters: /sysb/user/query/all(String)
2020-09-18 : 16:02:05.484[http-nio-8666-exec-5]DEBUGc.l.api.system.mapper.ApiMapper.getInterfaceByUrl-<==      Total: 1
2020-09-18 : 16:08:21.359[main]DEBUGcom.liminghua.api.ApiApplication-Running with Spring Boot v2.2.6.RELEASE, Spring v5.2.5.RELEASE
2020-09-18 : 16:09:08.326[main]DEBUGcom.liminghua.api.ApiApplication-Running with Spring Boot v2.2.6.RELEASE, Spring v5.2.5.RELEASE
2020-09-18 : 16:10:01.826[http-nio-8666-exec-3]DEBUGc.l.a.s.mapper.ApiMapper.getAllInterfaceFromDb-==>  Preparing: select * from api 
2020-09-18 : 16:10:01.842[http-nio-8666-exec-3]DEBUGc.l.a.s.mapper.ApiMapper.getAllInterfaceFromDb-==> Parameters: 
2020-09-18 : 16:10:01.856[http-nio-8666-exec-3]DEBUGc.l.a.s.mapper.ApiMapper.getAllInterfaceFromDb-<==      Total: 4
2020-09-18 : 16:10:01.860[http-nio-8666-exec-3]DEBUGc.l.api.system.mapper.ApiMapper.insertInterface-==>  Preparing: insert into api (api_url, api_switch, api_method, api_class_name, api_type, api_tag_id ) values (?, ?, ?, ?, ?, 1 ) 
2020-09-18 : 16:10:01.861[http-nio-8666-exec-3]DEBUGc.l.api.system.mapper.ApiMapper.insertInterface-==> Parameters: /sysa/car/query/all(String), false(Boolean), getAllCar(String), com.liminghua.api.sysa.controller.SysaController(String), GET(String)
2020-09-18 : 16:10:01.865[http-nio-8666-exec-3]DEBUGc.l.api.system.mapper.ApiMapper.insertInterface-<==    Updates: 1
2020-09-18 : 16:10:01.865[http-nio-8666-exec-3]DEBUGc.l.api.system.mapper.ApiMapper.insertInterface-==>  Preparing: insert into api (api_url, api_switch, api_method, api_class_name, api_type, api_tag_id ) values (?, ?, ?, ?, ?, 1 ) 
2020-09-18 : 16:10:01.866[http-nio-8666-exec-3]DEBUGc.l.api.system.mapper.ApiMapper.insertInterface-==> Parameters: /error(String), false(Boolean), errorHtml(String), org.springframework.boot.autoconfigure.web.servlet.error.BasicErrorController(String), null
2020-09-18 : 16:10:01.868[http-nio-8666-exec-3]DEBUGc.l.api.system.mapper.ApiMapper.insertInterface-<==    Updates: 1
2020-09-18 : 16:39:01.155[http-nio-8666-exec-10]DEBUGc.l.api.system.mapper.ApiMapper.getInterfaceByUrl-==>  Preparing: select * from api where api_url = ? 
2020-09-18 : 16:39:01.158[http-nio-8666-exec-10]DEBUGc.l.api.system.mapper.ApiMapper.getInterfaceByUrl-==> Parameters: /sysb/user/query/all(String)
2020-09-18 : 16:39:01.163[http-nio-8666-exec-10]DEBUGc.l.api.system.mapper.ApiMapper.getInterfaceByUrl-<==      Total: 1
2020-09-18 : 16:39:06.996[http-nio-8666-exec-2]DEBUGc.l.api.system.mapper.ApiMapper.getInterfaceByUrl-==>  Preparing: select * from api where api_url = ? 
2020-09-18 : 16:39:06.997[http-nio-8666-exec-2]DEBUGc.l.api.system.mapper.ApiMapper.getInterfaceByUrl-==> Parameters: /sysb/user/query/all(String)
2020-09-18 : 16:39:06.999[http-nio-8666-exec-2]DEBUGc.l.api.system.mapper.ApiMapper.getInterfaceByUrl-<==      Total: 1
2020-09-18 : 16:39:07.024[http-nio-8666-exec-2]DEBUGc.liminghua.api.sysb.mapper.UserMapper.getAllUser-==>  Preparing: select * from user 
2020-09-18 : 16:39:07.025[http-nio-8666-exec-2]DEBUGc.liminghua.api.sysb.mapper.UserMapper.getAllUser-==> Parameters: 
2020-09-18 : 16:39:07.027[http-nio-8666-exec-2]DEBUGc.liminghua.api.sysb.mapper.UserMapper.getAllUser-<==      Total: 2
2020-09-18 : 16:40:44.134[http-nio-8666-exec-7]DEBUGc.l.api.system.mapper.ApiMapper.getInterfaceByUrl-==>  Preparing: select * from api where api_url = ? 
2020-09-18 : 16:40:44.134[http-nio-8666-exec-7]DEBUGc.l.api.system.mapper.ApiMapper.getInterfaceByUrl-==> Parameters: /sysa/car/query/all(String)
2020-09-18 : 16:40:44.136[http-nio-8666-exec-7]DEBUGc.l.api.system.mapper.ApiMapper.getInterfaceByUrl-<==      Total: 1
